<?xml version="1.0" encoding="UTF-8"?>
<testsuite xmlns:xsi="http://www.w3.org/2001/XMLSchema-instance" xsi:noNamespaceSchemaLocation="https://maven.apache.org/surefire/maven-surefire-plugin/xsd/surefire-test-report.xsd" name="repoUnitTest.GroupMessageTest" time="0.1" tests="3" errors="0" skipped="0" failures="0">
  <properties>
    <property name="sun.desktop" value="windows"/>
    <property name="awt.toolkit" value="sun.awt.windows.WToolkit"/>
    <property name="java.specification.version" value="12"/>
    <property name="sun.cpu.isalist" value="amd64"/>
    <property name="sun.jnu.encoding" value="Cp1250"/>
    <property name="java.class.path" value="C:\Users\nagyb2\eclipse-workspace\mutation_pi\mutationTestwithPI\target\test-classes;C:\Users\nagyb2\eclipse-workspace\mutation_pi\mutationTestwithPI\target\classes;C:\Users\nagyb2\.m2\repository\org\junit\jupiter\junit-jupiter-engine\5.6.0\junit-jupiter-engine-5.6.0.jar;C:\Users\nagyb2\.m2\repository\org\apiguardian\apiguardian-api\1.1.0\apiguardian-api-1.1.0.jar;C:\Users\nagyb2\.m2\repository\org\junit\platform\junit-platform-engine\1.6.0\junit-platform-engine-1.6.0.jar;C:\Users\nagyb2\.m2\repository\org\opentest4j\opentest4j\1.2.0\opentest4j-1.2.0.jar;C:\Users\nagyb2\.m2\repository\org\junit\platform\junit-platform-commons\1.6.0\junit-platform-commons-1.6.0.jar;C:\Users\nagyb2\.m2\repository\org\junit\jupiter\junit-jupiter-api\5.6.0\junit-jupiter-api-5.6.0.jar;C:\Users\nagyb2\.m2\repository\org\junit\vintage\junit-vintage-engine\5.6.0\junit-vintage-engine-5.6.0.jar;C:\Users\nagyb2\.m2\repository\junit\junit\4.13\junit-4.13.jar;C:\Users\nagyb2\.m2\repository\org\hamcrest\hamcrest-core\1.3\hamcrest-core-1.3.jar;C:\Users\nagyb2\.m2\repository\org\junit\platform\junit-platform-runner\1.6.0\junit-platform-runner-1.6.0.jar;C:\Users\nagyb2\.m2\repository\org\junit\platform\junit-platform-suite-api\1.6.0\junit-platform-suite-api-1.6.0.jar;C:\Users\nagyb2\.m2\repository\org\junit\platform\junit-platform-launcher\1.6.0\junit-platform-launcher-1.6.0.jar;C:\Users\nagyb2\.m2\repository\org\junit\jupiter\junit-jupiter-params\5.0.0\junit-jupiter-params-5.0.0.jar;C:\Users\nagyb2\.m2\repository\io\cucumber\cucumber-junit\5.4.0\cucumber-junit-5.4.0.jar;C:\Users\nagyb2\.m2\repository\io\cucumber\cucumber-core\5.4.0\cucumber-core-5.4.0.jar;C:\Users\nagyb2\.m2\repository\io\cucumber\cucumber-gherkin\5.4.0\cucumber-gherkin-5.4.0.jar;C:\Users\nagyb2\.m2\repository\io\cucumber\cucumber-gherkin-vintage\5.4.0\cucumber-gherkin-vintage-5.4.0.jar;C:\Users\nagyb2\.m2\repository\io\cucumber\tag-expressions\2.0.4\tag-expressions-2.0.4.jar;C:\Users\nagyb2\.m2\repository\io\cucumber\cucumber-expressions\8.3.1\cucumber-expressions-8.3.1.jar;C:\Users\nagyb2\.m2\repository\io\cucumber\datatable\3.3.0\datatable-3.3.0.jar;C:\Users\nagyb2\.m2\repository\io\cucumber\cucumber-plugin\5.4.0\cucumber-plugin-5.4.0.jar;C:\Users\nagyb2\.m2\repository\io\cucumber\docstring\5.4.0\docstring-5.4.0.jar;C:\Users\nagyb2\.m2\repository\io\cucumber\cucumber-java\5.4.0\cucumber-java-5.4.0.jar;"/>
    <property name="java.vm.vendor" value="Oracle Corporation"/>
    <property name="sun.arch.data.model" value="64"/>
    <property name="user.variant" value=""/>
    <property name="java.vendor.url" value="https://java.oracle.com/"/>
    <property name="user.timezone" value="Europe/Budapest"/>
    <property name="os.name" value="Windows 10"/>
    <property name="java.vm.specification.version" value="12"/>
    <property name="sun.java.launcher" value="SUN_STANDARD"/>
    <property name="user.country" value="HU"/>
    <property name="sun.boot.library.path" value="C:\Program Files\Java\jdk-12.0.1\bin"/>
    <property name="sun.java.command" value="C:\Users\nagyb2\AppData\Local\Temp\surefire4992293515994936784\surefirebooter389410902204531655.jar C:\Users\nagyb2\AppData\Local\Temp\surefire4992293515994936784 2020-03-10T15-09-36_922-jvmRun1 surefire17660152084668933199tmp surefire_014136842463812150077tmp"/>
    <property name="jdk.debug" value="release"/>
    <property name="surefire.test.class.path" value="C:\Users\nagyb2\eclipse-workspace\mutation_pi\mutationTestwithPI\target\test-classes;C:\Users\nagyb2\eclipse-workspace\mutation_pi\mutationTestwithPI\target\classes;C:\Users\nagyb2\.m2\repository\org\junit\jupiter\junit-jupiter-engine\5.6.0\junit-jupiter-engine-5.6.0.jar;C:\Users\nagyb2\.m2\repository\org\apiguardian\apiguardian-api\1.1.0\apiguardian-api-1.1.0.jar;C:\Users\nagyb2\.m2\repository\org\junit\platform\junit-platform-engine\1.6.0\junit-platform-engine-1.6.0.jar;C:\Users\nagyb2\.m2\repository\org\opentest4j\opentest4j\1.2.0\opentest4j-1.2.0.jar;C:\Users\nagyb2\.m2\repository\org\junit\platform\junit-platform-commons\1.6.0\junit-platform-commons-1.6.0.jar;C:\Users\nagyb2\.m2\repository\org\junit\jupiter\junit-jupiter-api\5.6.0\junit-jupiter-api-5.6.0.jar;C:\Users\nagyb2\.m2\repository\org\junit\vintage\junit-vintage-engine\5.6.0\junit-vintage-engine-5.6.0.jar;C:\Users\nagyb2\.m2\repository\junit\junit\4.13\junit-4.13.jar;C:\Users\nagyb2\.m2\repository\org\hamcrest\hamcrest-core\1.3\hamcrest-core-1.3.jar;C:\Users\nagyb2\.m2\repository\org\junit\platform\junit-platform-runner\1.6.0\junit-platform-runner-1.6.0.jar;C:\Users\nagyb2\.m2\repository\org\junit\platform\junit-platform-suite-api\1.6.0\junit-platform-suite-api-1.6.0.jar;C:\Users\nagyb2\.m2\repository\org\junit\platform\junit-platform-launcher\1.6.0\junit-platform-launcher-1.6.0.jar;C:\Users\nagyb2\.m2\repository\org\junit\jupiter\junit-jupiter-params\5.0.0\junit-jupiter-params-5.0.0.jar;C:\Users\nagyb2\.m2\repository\io\cucumber\cucumber-junit\5.4.0\cucumber-junit-5.4.0.jar;C:\Users\nagyb2\.m2\repository\io\cucumber\cucumber-core\5.4.0\cucumber-core-5.4.0.jar;C:\Users\nagyb2\.m2\repository\io\cucumber\cucumber-gherkin\5.4.0\cucumber-gherkin-5.4.0.jar;C:\Users\nagyb2\.m2\repository\io\cucumber\cucumber-gherkin-vintage\5.4.0\cucumber-gherkin-vintage-5.4.0.jar;C:\Users\nagyb2\.m2\repository\io\cucumber\tag-expressions\2.0.4\tag-expressions-2.0.4.jar;C:\Users\nagyb2\.m2\repository\io\cucumber\cucumber-expressions\8.3.1\cucumber-expressions-8.3.1.jar;C:\Users\nagyb2\.m2\repository\io\cucumber\datatable\3.3.0\datatable-3.3.0.jar;C:\Users\nagyb2\.m2\repository\io\cucumber\cucumber-plugin\5.4.0\cucumber-plugin-5.4.0.jar;C:\Users\nagyb2\.m2\repository\io\cucumber\docstring\5.4.0\docstring-5.4.0.jar;C:\Users\nagyb2\.m2\repository\io\cucumber\cucumber-java\5.4.0\cucumber-java-5.4.0.jar;"/>
    <property name="sun.cpu.endian" value="little"/>
    <property name="user.home" value="C:\Users\nagyb2"/>
    <property name="user.language" value="hu"/>
    <property name="java.specification.vendor" value="Oracle Corporation"/>
    <property name="java.version.date" value="2019-04-16"/>
    <property name="java.home" value="C:\Program Files\Java\jdk-12.0.1"/>
    <property name="file.separator" value="\"/>
    <property name="basedir" value="C:\Users\nagyb2\eclipse-workspace\mutation_pi\mutationTestwithPI"/>
    <property name="java.vm.compressedOopsMode" value="Zero based"/>
    <property name="line.separator" value="&#10;"/>
    <property name="java.vm.specification.vendor" value="Oracle Corporation"/>
    <property name="java.specification.name" value="Java Platform API Specification"/>
    <property name="java.awt.graphicsenv" value="sun.awt.Win32GraphicsEnvironment"/>
    <property name="surefire.real.class.path" value="C:\Users\nagyb2\AppData\Local\Temp\surefire4992293515994936784\surefirebooter389410902204531655.jar"/>
    <property name="user.script" value=""/>
    <property name="sun.management.compiler" value="HotSpot 64-Bit Tiered Compilers"/>
    <property name="java.runtime.version" value="12.0.1+12"/>
    <property name="user.name" value="NagyB2"/>
    <property name="path.separator" value=";"/>
    <property name="os.version" value="10.0"/>
    <property name="java.runtime.name" value="Java(TM) SE Runtime Environment"/>
    <property name="file.encoding" value="Cp1250"/>
    <property name="java.vm.name" value="Java HotSpot(TM) 64-Bit Server VM"/>
    <property name="localRepository" value="C:\Users\nagyb2\.m2\repository"/>
    <property name="java.vendor.url.bug" value="https://bugreport.java.com/bugreport/"/>
    <property name="java.io.tmpdir" value="C:\Users\nagyb2\AppData\Local\Temp\"/>
    <property name="java.version" value="12.0.1"/>
    <property name="user.dir" value="C:\Users\nagyb2\eclipse-workspace\mutation_pi\mutationTestwithPI"/>
    <property name="os.arch" value="amd64"/>
    <property name="java.vm.specification.name" value="Java Virtual Machine Specification"/>
    <property name="sun.os.patch.level" value=""/>
    <property name="java.library.path" value="C:\Program Files\Java\jdk-12.0.1\bin;C:\WINDOWS\Sun\Java\bin;C:\WINDOWS\system32;C:\WINDOWS;C:/Program Files/Java/jdk-12.0.1/bin/server;C:/Program Files/Java/jdk-12.0.1/bin;C:\Program Files (x86)\Common Files\Oracle\Java\javapath;C:\Program Files (x86)\Intel\iCLS Client\;C:\Program Files\Intel\iCLS Client\;C:\WINDOWS\system32;C:\WINDOWS;C:\WINDOWS\System32\Wbem;C:\WINDOWS\System32\WindowsPowerShell\v1.0\;C:\Program Files (x86)\Intel\Intel(R) Management Engine Components\DAL;C:\Program Files\Intel\Intel(R) Management Engine Components\DAL;C:\Program Files (x86)\Intel\Intel(R) Management Engine Components\IPT;C:\Program Files\Intel\Intel(R) Management Engine Components\IPT;C:\Program Files\Intel\WiFi\bin\;C:\Program Files\Common Files\Intel\WirelessCommon\;C:\Program Files\PuTTY\;C:\Users\nagyb2\Downloads\jad158g.win;C:\Program Files\dotnet\;C:\Program Files\Microsoft SQL Server\130\Tools\Binn\;C:\Program Files\Microsoft SQL Server\Client SDK\ODBC\170\Tools\Binn\;C:\Program Files\nodejs\;C:\Program Files\Git\cmd;C:\WINDOWS\System32\OpenSSH\;C:\cygwin64\bin;C:\Users\nagyb2\AppData\Local\Programs\Microsoft VS Code\bin;C:\Users\nagyb2\AppData\Local\Microsoft\WindowsApps;;C:\Users\nagyb2\eclipse\java-2019-06\eclipse;;."/>
    <property name="java.vm.info" value="mixed mode, sharing"/>
    <property name="java.vendor" value="Oracle Corporation"/>
    <property name="java.vm.version" value="12.0.1+12"/>
    <property name="sun.io.unicode.encoding" value="UnicodeLittle"/>
    <property name="java.class.version" value="56.0"/>
  </properties>
  <testcase name="sayHello1{int, String}[1]" classname="repoUnitTest.GroupMessageTest" time="0.036"/>
  <testcase name="sayHello1{int, String}[2]" classname="repoUnitTest.GroupMessageTest" time="0"/>
  <testcase name="sayHello1{int, String}[3]" classname="repoUnitTest.GroupMessageTest" time="0"/>
</testsuite>